This is pdfTeX, Version 3.141592653-2.6-1.40.27 (MiKTeX 25.3) (preloaded format=pdflatex 2025.3.27)  10 OCT 2025 14:57
entering extended mode
 restricted \write18 enabled.
 %&-line parsing enabled.
**./ROB-New-Guide.tex
(ROB-New-Guide.tex
LaTeX2e <2024-11-01> patch level 2
L3 programming layer <2025-01-18>
(ROB-New.cls
Document Class: ROB-New 2020/05/04 v0.1: An authoring template for CUP ROB arti
cles
(C:\Users\amsage\AppData\Local\Programs\MIKTEX NEW\tex/latex/xcolor\xcolor.sty
Package: xcolor 2024/09/29 v3.02 LaTeX color extensions (UK)

(C:\Users\amsage\AppData\Local\Programs\MIKTEX NEW\tex/latex/graphics-cfg\color
.cfg
File: color.cfg 2016/01/02 v1.6 sample color configuration
)
Package xcolor Info: Driver file: pdftex.def on input line 274.

(C:\Users\amsage\AppData\Local\Programs\MIKTEX NEW\tex/latex/graphics-def\pdfte
x.def
File: pdftex.def 2024/04/13 v1.2c Graphics/color driver for pdftex
)
(C:\Users\amsage\AppData\Local\Programs\MIKTEX NEW\tex/latex/graphics\mathcolor
.ltx)
Package xcolor Info: Model `cmy' substituted by `cmy0' on input line 1349.
Package xcolor Info: Model `hsb' substituted by `rgb' on input line 1353.
Package xcolor Info: Model `RGB' extended on input line 1365.
Package xcolor Info: Model `HTML' substituted by `rgb' on input line 1367.
Package xcolor Info: Model `Hsb' substituted by `hsb' on input line 1368.
Package xcolor Info: Model `tHsb' substituted by `hsb' on input line 1369.
Package xcolor Info: Model `HSB' substituted by `hsb' on input line 1370.
Package xcolor Info: Model `Gray' substituted by `gray' on input line 1371.
Package xcolor Info: Model `wave' substituted by `hsb' on input line 1372.
)
(C:\Users\amsage\AppData\Local\Programs\MIKTEX NEW\tex/latex/base\article.cls
Document Class: article 2024/06/29 v1.4n Standard LaTeX document class
(C:\Users\amsage\AppData\Local\Programs\MIKTEX NEW\tex/latex/base\fleqn.clo
File: fleqn.clo 2016/12/29 v1.2b Standard LaTeX option (flush left equations)
\mathindent=\skip49
Applying: [2015/01/01] Make \[ robust on input line 50.
LaTeX Info: Redefining \[ on input line 51.
Already applied: [0000/00/00] Make \[ robust on input line 62.
Applying: [2015/01/01] Make \] robust on input line 74.
LaTeX Info: Redefining \] on input line 75.
Already applied: [0000/00/00] Make \] robust on input line 83.
)
(C:\Users\amsage\AppData\Local\Programs\MIKTEX NEW\tex/latex/base\size10.clo
File: size10.clo 2024/06/29 v1.4n Standard LaTeX file (size option)
)
\c@part=\count196
\c@section=\count197
\c@subsection=\count198
\c@subsubsection=\count199
\c@paragraph=\count266
\c@subparagraph=\count267
\c@figure=\count268
\c@table=\count269
\abovecaptionskip=\skip50
\belowcaptionskip=\skip51
\bibindent=\dimen141
)
(C:\Users\amsage\AppData\Local\Programs\MIKTEX NEW\tex/latex/url\url.sty
\Urlmuskip=\muskip17
Package: url 2013/09/16  ver 3.4  Verb mode for urls, etc.
)
(C:\Users\amsage\AppData\Local\Programs\MIKTEX NEW\tex/generic/soul\soul.sty
Package: soul 2023-06-14 v3.1 Permit use of UTF-8 characters in soul (HO)

(C:\Users\amsage\AppData\Local\Programs\MIKTEX NEW\tex/generic/soul\soul-ori.st
y
Package: soul-ori 2023-06-14 v3.1 letterspacing/underlining (mf)
\SOUL@word=\toks17
\SOUL@lasttoken=\toks18
\SOUL@syllable=\toks19
\SOUL@cmds=\toks20
\SOUL@buffer=\toks21
\SOUL@token=\toks22
\SOUL@syllgoal=\dimen142
\SOUL@syllwidth=\dimen143
\SOUL@charkern=\dimen144
\SOUL@hyphkern=\dimen145
\SOUL@dimen=\dimen146
\SOUL@dimeni=\dimen147
\SOUL@minus=\count270
\SOUL@comma=\count271
\SOUL@apo=\count272
\SOUL@grave=\count273
\SOUL@spaceskip=\skip52
\SOUL@ttwidth=\dimen148
\SOUL@uldp=\dimen149
\SOUL@ulht=\dimen150
)
(C:\Users\amsage\AppData\Local\Programs\MIKTEX NEW\tex/generic/infwarerr\infwar
err.sty
Package: infwarerr 2019/12/03 v1.5 Providing info/warning/error messages (HO)
)
(C:\Users\amsage\AppData\Local\Programs\MIKTEX NEW\tex/generic/etexcmds\etexcmd
s.sty
Package: etexcmds 2019/12/15 v1.7 Avoid name clashes with e-TeX commands (HO)

(C:\Users\amsage\AppData\Local\Programs\MIKTEX NEW\tex/generic/iftex\iftex.sty
Package: iftex 2024/12/12 v1.0g TeX engine tests
)))
LaTeX Info: Redefining \rm on input line 56.
LaTeX Info: Redefining \sf on input line 57.
LaTeX Info: Redefining \tt on input line 58.
LaTeX Info: Redefining \bf on input line 59.
LaTeX Info: Redefining \it on input line 60.
LaTeX Info: Redefining \sl on input line 61.
LaTeX Info: Redefining \sc on input line 62.
LaTeX Info: Redefining \cal on input line 63.
LaTeX Info: Redefining \mit on input line 64.
LaTeX Info: Redefining \textsubscript on input line 142.

(C:\Users\amsage\AppData\Local\Programs\MIKTEX NEW\tex/latex/geometry\geometry.
sty
Package: geometry 2020/01/02 v5.9 Page Geometry

(C:\Users\amsage\AppData\Local\Programs\MIKTEX NEW\tex/latex/graphics\keyval.st
y
Package: keyval 2022/05/29 v1.15 key=value parser (DPC)
\KV@toks@=\toks23
)
(C:\Users\amsage\AppData\Local\Programs\MIKTEX NEW\tex/generic/iftex\ifvtex.sty
Package: ifvtex 2019/10/25 v1.7 ifvtex legacy package. Use iftex instead.
)
\Gm@cnth=\count274
\Gm@cntv=\count275
\c@Gm@tempcnt=\count276
\Gm@bindingoffset=\dimen151
\Gm@wd@mp=\dimen152
\Gm@odd@mp=\dimen153
\Gm@even@mp=\dimen154
\Gm@layoutwidth=\dimen155
\Gm@layoutheight=\dimen156
\Gm@layouthoffset=\dimen157
\Gm@layoutvoffset=\dimen158
\Gm@dimlist=\toks24

(C:\Users\amsage\AppData\Local\Programs\MIKTEX NEW\tex/latex/geometry\geometry.
cfg))
\aucount=\count277
\punctcount=\count278

(C:\Users\amsage\AppData\Local\Programs\MIKTEX NEW\tex/generic/ltxcmds\ltxcmds.
sty
Package: ltxcmds 2023-12-04 v1.26 LaTeX kernel commands for general use (HO)
)
\c@affn=\count279
\addcount=\count280
\addcount=\count281
\opshortpage=\dimen159
\c@chapter=\count282
\labelwidthi=\dimen160
\labelwidthii=\dimen161
\labelwidthiii=\dimen162
\labelwidthiv=\dimen163
\figwidth=\dimen164
\figheight=\dimen165
\sidecapwidth=\dimen166
\wrapcapline=\dimen167
\totalwrapline=\dimen168
\wraptotline=\dimen169
\figcapbox=\box52
\capbox=\box53

(C:\Users\amsage\AppData\Local\Programs\MIKTEX NEW\tex/latex/booktabs\booktabs.
sty
Package: booktabs 2020/01/12 v1.61803398 Publication quality tables
\heavyrulewidth=\dimen170
\lightrulewidth=\dimen171
\cmidrulewidth=\dimen172
\belowrulesep=\dimen173
\belowbottomsep=\dimen174
\aboverulesep=\dimen175
\abovetopsep=\dimen176
\cmidrulesep=\dimen177
\cmidrulekern=\dimen178
\defaultaddspace=\dimen179
\@cmidla=\count283
\@cmidlb=\count284
\@aboverulesep=\dimen180
\@belowrulesep=\dimen181
\@thisruleclass=\count285
\@lastruleclass=\count286
\@thisrulewidth=\dimen182
)
\tablebox=\box54
\tabcapbox=\box55
\tabcapwidth=\dimen183
 (C:\Users\amsage\AppData\Local\Programs\MIKTEX NEW\tex/latex/etoc\etoc.sty
Package: etoc 2023/10/29 v1.2d Completely customisable TOCs (JFB)

(C:\Users\amsage\AppData\Local\Programs\MIKTEX NEW\tex/latex/kvoptions\kvoption
s.sty
Package: kvoptions 2022-06-15 v3.15 Key value format for package options (HO)

(C:\Users\amsage\AppData\Local\Programs\MIKTEX NEW\tex/latex/kvsetkeys\kvsetkey
s.sty
Package: kvsetkeys 2022-10-05 v1.19 Key value parser (HO)
))
(C:\Users\amsage\AppData\Local\Programs\MIKTEX NEW\tex/latex/tools\multicol.sty
Package: multicol 2024/09/14 v1.9i multicolumn formatting (FMi)
\c@tracingmulticols=\count287
\mult@box=\box56
\multicol@leftmargin=\dimen184
\c@unbalance=\count288
\c@collectmore=\count289
\doublecol@number=\count290
\multicoltolerance=\count291
\multicolpretolerance=\count292
\full@width=\dimen185
\page@free=\dimen186
\premulticols=\dimen187
\postmulticols=\dimen188
\multicolsep=\skip53
\multicolbaselineskip=\skip54
\partial@page=\box57
\last@line=\box58
\mc@boxedresult=\box59
\maxbalancingoverflow=\dimen189
\mult@rightbox=\box60
\mult@grightbox=\box61
\mult@firstbox=\box62
\mult@gfirstbox=\box63
\@tempa=\box64
\@tempa=\box65
\@tempa=\box66
\@tempa=\box67
\@tempa=\box68
\@tempa=\box69
\@tempa=\box70
\@tempa=\box71
\@tempa=\box72
\@tempa=\box73
\@tempa=\box74
\@tempa=\box75
\@tempa=\box76
\@tempa=\box77
\@tempa=\box78
\@tempa=\box79
\@tempa=\box80
\@tempa=\box81
\@tempa=\box82
\@tempa=\box83
\@tempa=\box84
\@tempa=\box85
\@tempa=\box86
\@tempa=\box87
\@tempa=\box88
\@tempa=\box89
\@tempa=\box90
\@tempa=\box91
\@tempa=\box92
\@tempa=\box93
\@tempa=\box94
\@tempa=\box95
\@tempa=\box96
\@tempa=\box97
\@tempa=\box98
\@tempa=\box99
\c@minrows=\count293
\c@columnbadness=\count294
\c@finalcolumnbadness=\count295
\last@try=\dimen190
\multicolovershoot=\dimen191
\multicolundershoot=\dimen192
\mult@nat@firstbox=\box100
\colbreak@box=\box101
\mc@col@check@num=\count296
)
\Etoc@toctoks=\toks25
\c@etoc@tocid=\count297
\etoc@framed@titlebox=\box102
\etoc@framed@contentsbox=\box103
)
LaTeX Info: Redefining \doitext on input line 1343.

(C:\Users\amsage\AppData\Local\Programs\MIKTEX NEW\tex/latex/graphics\graphicx.
sty
Package: graphicx 2021/09/16 v1.2d Enhanced LaTeX Graphics (DPC,SPQR)

(C:\Users\amsage\AppData\Local\Programs\MIKTEX NEW\tex/latex/graphics\graphics.
sty
Package: graphics 2024/08/06 v1.4g Standard LaTeX Graphics (DPC,SPQR)

(C:\Users\amsage\AppData\Local\Programs\MIKTEX NEW\tex/latex/graphics\trig.sty
Package: trig 2023/12/02 v1.11 sin cos tan (DPC)
)
(C:\Users\amsage\AppData\Local\Programs\MIKTEX NEW\tex/latex/graphics-cfg\graph
ics.cfg
File: graphics.cfg 2016/06/04 v1.11 sample graphics configuration
)
Package graphics Info: Driver file: pdftex.def on input line 106.
)
\Gin@req@height=\dimen193
\Gin@req@width=\dimen194
)
(C:\Users\amsage\AppData\Local\Programs\MIKTEX NEW\tex/latex/multirow\multirow.
sty
Package: multirow 2024/11/12 v2.9 Span multiple rows of a table
\multirow@colwidth=\skip55
\multirow@cntb=\count298
\multirow@dima=\skip56
\bigstrutjot=\dimen195
)
(C:\Users\amsage\AppData\Local\Programs\MIKTEX NEW\tex/latex/amsmath\amsmath.st
y
Package: amsmath 2024/11/05 v2.17t AMS math features
\@mathmargin=\skip57

For additional information on amsmath, use the `?' option.

(C:\Users\amsage\AppData\Local\Programs\MIKTEX NEW\tex/latex/amsmath\amstext.st
y
Package: amstext 2021/08/26 v2.01 AMS text

(C:\Users\amsage\AppData\Local\Programs\MIKTEX NEW\tex/latex/amsmath\amsgen.sty
File: amsgen.sty 1999/11/30 v2.0 generic functions
\@emptytoks=\toks26
\ex@=\dimen196
))
(C:\Users\amsage\AppData\Local\Programs\MIKTEX NEW\tex/latex/amsmath\amsbsy.sty
Package: amsbsy 1999/11/29 v1.2d Bold Symbols
\pmbraise@=\dimen197
)
(C:\Users\amsage\AppData\Local\Programs\MIKTEX NEW\tex/latex/amsmath\amsopn.sty
Package: amsopn 2022/04/08 v2.04 operator names
)
\inf@bad=\count299
LaTeX Info: Redefining \frac on input line 233.
\uproot@=\count300
\leftroot@=\count301
LaTeX Info: Redefining \overline on input line 398.
LaTeX Info: Redefining \colon on input line 409.
\classnum@=\count302
\DOTSCASE@=\count303
LaTeX Info: Redefining \ldots on input line 495.
LaTeX Info: Redefining \dots on input line 498.
LaTeX Info: Redefining \cdots on input line 619.
\Mathstrutbox@=\box104
\strutbox@=\box105
LaTeX Info: Redefining \big on input line 721.
LaTeX Info: Redefining \Big on input line 722.
LaTeX Info: Redefining \bigg on input line 723.
LaTeX Info: Redefining \Bigg on input line 724.
\big@size=\dimen198
LaTeX Font Info:    Redeclaring font encoding OML on input line 742.
LaTeX Font Info:    Redeclaring font encoding OMS on input line 743.
\macc@depth=\count304
LaTeX Info: Redefining \bmod on input line 904.
LaTeX Info: Redefining \pmod on input line 909.
LaTeX Info: Redefining \smash on input line 939.
LaTeX Info: Redefining \relbar on input line 969.
LaTeX Info: Redefining \Relbar on input line 970.
\c@MaxMatrixCols=\count305
\dotsspace@=\muskip18
\c@parentequation=\count306
\dspbrk@lvl=\count307
\tag@help=\toks27
\row@=\count308
\column@=\count309
\maxfields@=\count310
\andhelp@=\toks28
\eqnshift@=\dimen199
\alignsep@=\dimen256
\tagshift@=\dimen257
\tagwidth@=\dimen258
\totwidth@=\dimen259
\lineht@=\dimen260
\@envbody=\toks29
\multlinegap=\skip58
\multlinetaggap=\skip59
\mathdisplay@stack=\toks30
LaTeX Info: Redefining \[ on input line 2953.
LaTeX Info: Redefining \] on input line 2954.
)
(C:\Users\amsage\AppData\Local\Programs\MIKTEX NEW\tex/latex/amsfonts\amssymb.s
ty
Package: amssymb 2013/01/14 v3.01 AMS font symbols

(C:\Users\amsage\AppData\Local\Programs\MIKTEX NEW\tex/latex/amsfonts\amsfonts.
sty
Package: amsfonts 2013/01/14 v3.01 Basic AMSFonts support
\symAMSa=\mathgroup4
\symAMSb=\mathgroup5
LaTeX Font Info:    Redeclaring math symbol \hbar on input line 98.
LaTeX Font Info:    Overwriting math alphabet `\mathfrak' in version `bold'
(Font)                  U/euf/m/n --> U/euf/b/n on input line 106.
LaTeX Info: Redefining \Bbb on input line 113.
))
(C:\Users\amsage\AppData\Local\Programs\MIKTEX NEW\tex/latex/amscls\amsthm.sty
Package: amsthm 2020/05/29 v2.20.6
\thm@style=\toks31
\thm@bodyfont=\toks32
\thm@headfont=\toks33
\thm@notefont=\toks34
\thm@headpunct=\toks35
\thm@preskip=\skip60
\thm@postskip=\skip61
\thm@headsep=\skip62
\dth@everypar=\toks36
) (C:\Users\amsage\AppData\Local\Programs\MIKTEX NEW\tex/latex/natbib\natbib.st
y
Package: natbib 2010/09/13 8.31b (PWD, AO)
\bibhang=\skip63
\bibsep=\skip64
LaTeX Info: Redefining \cite on input line 694.
\c@NAT@ctr=\count311
)
(C:\Users\amsage\AppData\Local\Programs\MIKTEX NEW\tex/latex/newtx\newtxmath.st
y
Package: newtxmath 2024/09/22 v1.754

`newtxmath' v1.754, 2024/09/22 Math macros based originally on txfonts (msharpe
) (C:\Users\amsage\AppData\Local\Programs\MIKTEX NEW\tex/latex/base\ifthen.sty
Package: ifthen 2024/03/16 v1.1e Standard LaTeX ifthen package (DPC)
)
(C:\Users\amsage\AppData\Local\Programs\MIKTEX NEW\tex/latex/etoolbox\etoolbox.
sty
Package: etoolbox 2020/10/05 v2.5k e-TeX tools for LaTeX (JAW)
\etb@tempcnta=\count312
)
(C:\Users\amsage\AppData\Local\Programs\MIKTEX NEW\tex/latex/xkeyval\xkeyval.st
y
Package: xkeyval 2022/06/16 v2.9 package option processing (HA)

(C:\Users\amsage\AppData\Local\Programs\MIKTEX NEW\tex/generic/xkeyval\xkeyval.
tex
(C:\Users\amsage\AppData\Local\Programs\MIKTEX NEW\tex/generic/xkeyval\xkvutils
.tex
\XKV@toks=\toks37
\XKV@tempa@toks=\toks38
)
\XKV@depth=\count313
File: xkeyval.tex 2014/12/03 v2.7a key=value parser (HA)
))
(C:\Users\amsage\AppData\Local\Programs\MIKTEX NEW\tex/latex/oberdiek\centernot
.sty
Package: centernot 2016/05/16 v1.4 Centers the not symbol horizontally (HO)
)
\tx@cntz=\count314

(C:\Users\amsage\AppData\Local\Programs\MIKTEX NEW\tex/generic/binhex\binhex.te
x)
\tx@Isdigit=\count315
\tx@IsAlNum=\count316
\tx@tA=\toks39
\tx@tB=\toks40
\tx@su=\read2

amsthm NOT loaded
LaTeX Font Info:    Redeclaring symbol font `operators' on input line 402.
LaTeX Font Info:    Overwriting symbol font `operators' in version `normal'
(Font)                  OT1/cmr/m/n --> OT1/cmr/m/n on input line 402.
LaTeX Font Info:    Overwriting symbol font `operators' in version `bold'
(Font)                  OT1/cmr/bx/n --> OT1/cmr/m/n on input line 402.
LaTeX Font Info:    Overwriting symbol font `operators' in version `bold'
(Font)                  OT1/cmr/m/n --> OT1/cmr/b/n on input line 403.
LaTeX Font Info:    Redeclaring math alphabet \mathsf on input line 410.
LaTeX Font Info:    Overwriting math alphabet `\mathsf' in version `normal'
(Font)                  OT1/cmss/m/n --> OT1/cmss/m/n on input line 410.
LaTeX Font Info:    Overwriting math alphabet `\mathsf' in version `bold'
(Font)                  OT1/cmss/bx/n --> OT1/cmss/m/n on input line 410.
LaTeX Font Info:    Overwriting math alphabet `\mathsf' in version `bold'
(Font)                  OT1/cmss/m/n --> OT1/cmss/b/n on input line 412.
LaTeX Font Info:    Redeclaring math alphabet \mathit on input line 419.
LaTeX Font Info:    Overwriting math alphabet `\mathit' in version `normal'
(Font)                  OT1/cmr/m/it --> OT1/cmr/m/it on input line 419.
LaTeX Font Info:    Overwriting math alphabet `\mathit' in version `bold'
(Font)                  OT1/cmr/bx/it --> OT1/cmr/m/it on input line 419.
LaTeX Font Info:    Redeclaring math alphabet \mathtt on input line 420.
LaTeX Font Info:    Overwriting math alphabet `\mathtt' in version `normal'
(Font)                  OT1/cmtt/m/n --> OT1/cmtt/m/n on input line 420.
LaTeX Font Info:    Overwriting math alphabet `\mathtt' in version `bold'
(Font)                  OT1/cmtt/m/n --> OT1/cmtt/m/n on input line 420.
LaTeX Font Info:    Redeclaring math alphabet \mathbf on input line 422.
LaTeX Font Info:    Overwriting math alphabet `\mathbf' in version `normal'
(Font)                  OT1/cmr/bx/n --> OT1/cmr/b/n on input line 422.
LaTeX Font Info:    Overwriting math alphabet `\mathbf' in version `bold'
(Font)                  OT1/cmr/bx/n --> OT1/cmr/b/n on input line 422.
LaTeX Font Info:    Overwriting math alphabet `\mathit' in version `bold'
(Font)                  OT1/cmr/m/it --> OT1/cmr/b/it on input line 423.
LaTeX Font Info:    Overwriting math alphabet `\mathtt' in version `bold'
(Font)                  OT1/cmtt/m/n --> OT1/cmtt/b/n on input line 426.
LaTeX Font Info:    Redeclaring symbol font `letters' on input line 534.
LaTeX Font Info:    Overwriting symbol font `letters' in version `normal'
(Font)                  OML/cmm/m/it --> OML/ntxmi/m/it on input line 534.
LaTeX Font Info:    Overwriting symbol font `letters' in version `bold'
(Font)                  OML/cmm/b/it --> OML/ntxmi/m/it on input line 534.
LaTeX Font Info:    Overwriting symbol font `letters' in version `bold'
(Font)                  OML/ntxmi/m/it --> OML/ntxmi/b/it on input line 535.
\symlettersA=\mathgroup6
LaTeX Font Info:    Overwriting symbol font `lettersA' in version `bold'
(Font)                  U/ntxmia/m/it --> U/ntxmia/b/it on input line 582.
LaTeX Font Info:    Redeclaring math alphabet \mathfrak on input line 584.
Now handling font encoding LMS ...
... no UTF-8 mapping file for font encoding LMS
LaTeX Font Info:    Redeclaring symbol font `symbols' on input line 604.
LaTeX Font Info:    Encoding `OMS' has changed to `LMS' for symbol font
(Font)              `symbols' in the math version `normal' on input line 604.
LaTeX Font Info:    Overwriting symbol font `symbols' in version `normal'
(Font)                  OMS/cmsy/m/n --> LMS/ntxsy/m/n on input line 604.
LaTeX Font Info:    Encoding `OMS' has changed to `LMS' for symbol font
(Font)              `symbols' in the math version `bold' on input line 604.
LaTeX Font Info:    Overwriting symbol font `symbols' in version `bold'
(Font)                  OMS/cmsy/b/n --> LMS/ntxsy/m/n on input line 604.
LaTeX Font Info:    Overwriting symbol font `symbols' in version `bold'
(Font)                  LMS/ntxsy/m/n --> LMS/ntxsy/b/n on input line 605.
\symAMSm=\mathgroup7
LaTeX Font Info:    Overwriting symbol font `AMSm' in version `bold'
(Font)                  U/ntxsym/m/n --> U/ntxsym/b/n on input line 630.
\symsymbolsC=\mathgroup8
LaTeX Font Info:    Overwriting symbol font `symbolsC' in version `bold'
(Font)                  U/ntxsyc/m/n --> U/ntxsyc/b/n on input line 651.
Now handling font encoding LMX ...
... no UTF-8 mapping file for font encoding LMX
LaTeX Font Info:    Redeclaring symbol font `largesymbols' on input line 664.
LaTeX Font Info:    Encoding `OMX' has changed to `LMX' for symbol font
(Font)              `largesymbols' in the math version `normal' on input line 6
64.
LaTeX Font Info:    Overwriting symbol font `largesymbols' in version `normal'
(Font)                  OMX/cmex/m/n --> LMX/ntxexx/m/n on input line 664.
LaTeX Font Info:    Encoding `OMX' has changed to `LMX' for symbol font
(Font)              `largesymbols' in the math version `bold' on input line 664
.
LaTeX Font Info:    Overwriting symbol font `largesymbols' in version `bold'
(Font)                  OMX/cmex/m/n --> LMX/ntxexx/m/n on input line 664.
LaTeX Font Info:    Overwriting symbol font `largesymbols' in version `bold'
(Font)                  LMX/ntxexx/m/n --> LMX/ntxexx/b/n on input line 665.
\symlargesymbolsTXA=\mathgroup9
LaTeX Font Info:    Overwriting symbol font `largesymbolsTXA' in version `bold'

(Font)                  U/ntxexa/m/n --> U/ntxexa/b/n on input line 679.
\tx@sbptoks=\toks41
LaTeX Font Info:    Redeclaring math delimiter \lfloor on input line 902.
LaTeX Font Info:    Redeclaring math delimiter \rfloor on input line 903.
LaTeX Font Info:    Redeclaring math delimiter \lceil on input line 904.
LaTeX Font Info:    Redeclaring math delimiter \rceil on input line 905.
LaTeX Font Info:    Redeclaring math delimiter \lbrace on input line 910.
LaTeX Font Info:    Redeclaring math delimiter \rbrace on input line 911.
LaTeX Font Info:    Redeclaring math delimiter \langle on input line 913.
LaTeX Font Info:    Redeclaring math delimiter \rangle on input line 915.
LaTeX Font Info:    Redeclaring math delimiter \arrowvert on input line 919.
LaTeX Font Info:    Redeclaring math delimiter \vert on input line 920.
LaTeX Font Info:    Redeclaring math accent \dot on input line 991.
LaTeX Font Info:    Redeclaring math accent \ddot on input line 992.
LaTeX Font Info:    Redeclaring math accent \vec on input line 2057.
LaTeX Info: Redefining \Bbbk on input line 2847.
LaTeX Info: Redefining \not on input line 2995.
LaTeX Info: Redefining \textsquare on input line 3025.
LaTeX Info: Redefining \openbox on input line 3027.
)
(C:\Users\amsage\AppData\Local\Programs\MIKTEX NEW\tex/latex/tex-gyre\tgtermes.
sty
Package: tgtermes 2009/09/27 v1.2 TeX Gyre Termes as default roman family
)
(C:\Users\amsage\AppData\Local\Programs\MIKTEX NEW\tex/latex/base\fontenc.sty
Package: fontenc 2021/04/29 v2.0v Standard LaTeX package
LaTeX Font Info:    Trying to load font information for T1+qtm on input line 11
6.

(C:\Users\amsage\AppData\Local\Programs\MIKTEX NEW\tex/latex/tex-gyre\t1qtm.fd
File: t1qtm.fd 2009/09/25 v1.2 font definition file for T1/qtm
))
(C:\Users\amsage\AppData\Local\Programs\MIKTEX NEW\tex/latex/base\inputenc.sty
Package: inputenc 2024/02/08 v1.3d Input encoding file
\inpenc@prehook=\toks42
\inpenc@posthook=\toks43
) (C:\Users\amsage\AppData\Local\Programs\MIKTEX NEW\tex/latex/base\textcomp.st
y
Package: textcomp 2024/04/24 v2.1b Standard LaTeX package
)
(C:\Users\amsage\AppData\Local\Programs\MIKTEX NEW\tex/latex/epstopdf-pkg\epsto
pdf.sty
Package: epstopdf 2020-01-24 v2.11 Conversion with epstopdf on the fly (HO)

(C:\Users\amsage\AppData\Local\Programs\MIKTEX NEW\tex/latex/grfext\grfext.sty
Package: grfext 2019/12/03 v1.3 Manage graphics extensions (HO)

(C:\Users\amsage\AppData\Local\Programs\MIKTEX NEW\tex/generic/kvdefinekeys\kvd
efinekeys.sty
Package: kvdefinekeys 2019-12-19 v1.6 Define keys (HO)
))
(C:\Users\amsage\AppData\Local\Programs\MIKTEX NEW\tex/generic/pdftexcmds\pdfte
xcmds.sty
Package: pdftexcmds 2020-06-27 v0.33 Utility functions of pdfTeX for LuaTeX (HO
)
Package pdftexcmds Info: \pdf@primitive is available.
Package pdftexcmds Info: \pdf@ifprimitive is available.
Package pdftexcmds Info: \pdfdraftmode found.
)
(C:\Users\amsage\AppData\Local\Programs\MIKTEX NEW\tex/latex/epstopdf-pkg\epsto
pdf-base.sty
Package: epstopdf-base 2020-01-24 v2.11 Base part for package epstopdf
Package epstopdf-base Info: Redefining graphics rule for `.eps' on input line 4
85.
Package grfext Info: Graphics extension search list:
(grfext)             [.pdf,.png,.jpg,.mps,.jpeg,.jbig2,.jb2,.PDF,.PNG,.JPG,.JPE
G,.JBIG2,.JB2,.eps]
(grfext)             \AppendGraphicsExtensions on input line 504.

(C:\Users\amsage\AppData\Local\Programs\MIKTEX NEW\tex/latex/00miktex\epstopdf-
sys.cfg
File: epstopdf-sys.cfg 2021/03/18 v2.0 Configuration of epstopdf for MiKTeX
)))
(C:\Users\amsage\AppData\Local\Programs\MIKTEX NEW\tex/latex/hyperref\hyperref.
sty
Package: hyperref 2024-11-05 v7.01l Hypertext links for LaTeX

(C:\Users\amsage\AppData\Local\Programs\MIKTEX NEW\tex/generic/pdfescape\pdfesc
ape.sty
Package: pdfescape 2019/12/09 v1.15 Implements pdfTeX's escape features (HO)
)
(C:\Users\amsage\AppData\Local\Programs\MIKTEX NEW\tex/latex/hycolor\hycolor.st
y
Package: hycolor 2020-01-27 v1.10 Color options for hyperref/bookmark (HO)
)
(C:\Users\amsage\AppData\Local\Programs\MIKTEX NEW\tex/latex/hyperref\nameref.s
ty
Package: nameref 2023-11-26 v2.56 Cross-referencing by name of section

(C:\Users\amsage\AppData\Local\Programs\MIKTEX NEW\tex/latex/refcount\refcount.
sty
Package: refcount 2019/12/15 v3.6 Data extraction from label references (HO)
)
(C:\Users\amsage\AppData\Local\Programs\MIKTEX NEW\tex/generic/gettitlestring\g
ettitlestring.sty
Package: gettitlestring 2019/12/15 v1.6 Cleanup title references (HO)
)
\c@section@level=\count317
)
(C:\Users\amsage\AppData\Local\Programs\MIKTEX NEW\tex/generic/stringenc\string
enc.sty
Package: stringenc 2019/11/29 v1.12 Convert strings between diff. encodings (HO
)
)
\@linkdim=\dimen261
\Hy@linkcounter=\count318
\Hy@pagecounter=\count319

(C:\Users\amsage\AppData\Local\Programs\MIKTEX NEW\tex/latex/hyperref\pd1enc.de
f
File: pd1enc.def 2024-11-05 v7.01l Hyperref: PDFDocEncoding definition (HO)
Now handling font encoding PD1 ...
... no UTF-8 mapping file for font encoding PD1
)
(C:\Users\amsage\AppData\Local\Programs\MIKTEX NEW\tex/generic/intcalc\intcalc.
sty
Package: intcalc 2019/12/15 v1.3 Expandable calculations with integers (HO)
)
\Hy@SavedSpaceFactor=\count320

(C:\Users\amsage\AppData\Local\Programs\MIKTEX NEW\tex/latex/hyperref\puenc.def
File: puenc.def 2024-11-05 v7.01l Hyperref: PDF Unicode definition (HO)
Now handling font encoding PU ...
... no UTF-8 mapping file for font encoding PU
)
Package hyperref Info: Hyper figures OFF on input line 4157.
Package hyperref Info: Link nesting OFF on input line 4162.
Package hyperref Info: Hyper index ON on input line 4165.
Package hyperref Info: Plain pages OFF on input line 4172.
Package hyperref Info: Backreferencing OFF on input line 4177.
Package hyperref Info: Implicit mode ON; LaTeX internals redefined.
Package hyperref Info: Bookmarks ON on input line 4424.
\c@Hy@tempcnt=\count321
LaTeX Info: Redefining \url on input line 4763.
\XeTeXLinkMargin=\dimen262

(C:\Users\amsage\AppData\Local\Programs\MIKTEX NEW\tex/generic/bitset\bitset.st
y
Package: bitset 2019/12/09 v1.3 Handle bit-vector datatype (HO)

(C:\Users\amsage\AppData\Local\Programs\MIKTEX NEW\tex/generic/bigintcalc\bigin
tcalc.sty
Package: bigintcalc 2019/12/15 v1.5 Expandable calculations on big integers (HO
)
))
\Fld@menulength=\count322
\Field@Width=\dimen263
\Fld@charsize=\dimen264
Package hyperref Info: Hyper figures OFF on input line 6042.
Package hyperref Info: Link nesting OFF on input line 6047.
Package hyperref Info: Hyper index ON on input line 6050.
Package hyperref Info: backreferencing OFF on input line 6057.
Package hyperref Info: Link coloring OFF on input line 6062.
Package hyperref Info: Link coloring with OCG OFF on input line 6067.
Package hyperref Info: PDF/A mode OFF on input line 6072.

(C:\Users\amsage\AppData\Local\Programs\MIKTEX NEW\tex/latex/base\atbegshi-ltx.
sty
Package: atbegshi-ltx 2021/01/10 v1.0c Emulation of the original atbegshi
package with kernel methods
)
\Hy@abspage=\count323
\c@Item=\count324
\c@Hfootnote=\count325
)
Package hyperref Info: Driver (autodetected): hpdftex.

(C:\Users\amsage\AppData\Local\Programs\MIKTEX NEW\tex/latex/hyperref\hpdftex.d
ef
File: hpdftex.def 2024-11-05 v7.01l Hyperref driver for pdfTeX

(C:\Users\amsage\AppData\Local\Programs\MIKTEX NEW\tex/latex/base\atveryend-ltx
.sty
Package: atveryend-ltx 2020/08/19 v1.0a Emulation of the original atveryend pac
kage
with kernel methods
)
\Fld@listcount=\count326
\c@bookmark@seq@number=\count327

(C:\Users\amsage\AppData\Local\Programs\MIKTEX NEW\tex/latex/rerunfilecheck\rer
unfilecheck.sty
Package: rerunfilecheck 2022-07-10 v1.10 Rerun checks for auxiliary files (HO)

(C:\Users\amsage\AppData\Local\Programs\MIKTEX NEW\tex/generic/uniquecounter\un
iquecounter.sty
Package: uniquecounter 2019/12/15 v1.4 Provide unlimited unique counter (HO)
)
Package uniquecounter Info: New unique counter `rerunfilecheck' on input line 2
85.
)
\Hy@SectionHShift=\skip65
)
Package hyperref Info: Option `draft' set `false' on input line 1487.


Package hyperref Warning: Option `dvips' has already been used,
(hyperref)                setting the option has no effect on input line 1487.

Package hyperref Info: Option `colorlinks' set `true' on input line 1487.
Package hyperref Info: Option `bookmarksopen' set `true' on input line 1487.
Package hyperref Info: Option `breaklinks' set `true' on input line 1487.
\c@theorem=\count328
\c@example=\count329
)
(C:\Users\amsage\AppData\Local\Programs\MIKTEX NEW\tex/latex/l3backend\l3backen
d-pdftex.def
File: l3backend-pdftex.def 2024-05-08 L3 backend support: PDF output (pdfTeX)
\l__color_backend_stack_int=\count330
\l__pdf_internal_box=\box106
) (ROB-New-Guide.aux)
\openout1 = `ROB-New-Guide.aux'.

LaTeX Font Info:    Checking defaults for OML/ntxmi/m/it on input line 7.
LaTeX Font Info:    Trying to load font information for OML+ntxmi on input line
 7.

(C:\Users\amsage\AppData\Local\Programs\MIKTEX NEW\tex/latex/newtx\omlntxmi.fd
File: omlntxmi.fd 2015/08/25 Fontinst v1.933 font definitions for OML/ntxmi.
)
LaTeX Font Info:    ... okay on input line 7.
LaTeX Font Info:    Checking defaults for OMS/cmsy/m/n on input line 7.
LaTeX Font Info:    ... okay on input line 7.
LaTeX Font Info:    Checking defaults for OT1/cmr/m/n on input line 7.
LaTeX Font Info:    ... okay on input line 7.
LaTeX Font Info:    Checking defaults for T1/cmr/m/n on input line 7.
LaTeX Font Info:    ... okay on input line 7.
LaTeX Font Info:    Checking defaults for TS1/cmr/m/n on input line 7.
LaTeX Font Info:    ... okay on input line 7.
LaTeX Font Info:    Checking defaults for OMX/cmex/m/n on input line 7.
LaTeX Font Info:    ... okay on input line 7.
LaTeX Font Info:    Checking defaults for U/ntxexa/m/n on input line 7.
LaTeX Font Info:    Trying to load font information for U+ntxexa on input line 
7.
(C:\Users\amsage\AppData\Local\Programs\MIKTEX NEW\tex/latex/newtx\untxexa.fd
File: untxexa.fd 2012/04/16 Fontinst v1.933 font definitions for U/ntxexa.
)
LaTeX Font Info:    ... okay on input line 7.
LaTeX Font Info:    Checking defaults for LMS/ntxsy/m/n on input line 7.
LaTeX Font Info:    Trying to load font information for LMS+ntxsy on input line
 7.

(C:\Users\amsage\AppData\Local\Programs\MIKTEX NEW\tex/latex/newtx\lmsntxsy.fd
File: lmsntxsy.fd 2016/07/02 Fontinst v1.933 font definitions for LMS/ntxsy.
)
LaTeX Font Info:    ... okay on input line 7.
LaTeX Font Info:    Checking defaults for LMX/ntxexx/m/n on input line 7.
LaTeX Font Info:    Trying to load font information for LMX+ntxexx on input lin
e 7.

(C:\Users\amsage\AppData\Local\Programs\MIKTEX NEW\tex/latex/newtx\lmxntxexx.fd
File: lmxntxexx.fd 2016/07/03 Fontinst v1.933 font definitions for LMX/ntxexx.
)
LaTeX Font Info:    ... okay on input line 7.
LaTeX Font Info:    Checking defaults for PD1/pdf/m/n on input line 7.
LaTeX Font Info:    ... okay on input line 7.
LaTeX Font Info:    Checking defaults for PU/pdf/m/n on input line 7.
LaTeX Font Info:    ... okay on input line 7.

(C:\Users\amsage\AppData\Local\Programs\MIKTEX NEW\tex/context/base/mkii\supp-p
df.mkii
[Loading MPS to PDF converter (version 2006.09.02).]
\scratchcounter=\count331
\scratchdimen=\dimen265
\scratchbox=\box107
\nofMPsegments=\count332
\nofMParguments=\count333
\everyMPshowfont=\toks44
\MPscratchCnt=\count334
\MPscratchDim=\dimen266
\MPnumerator=\count335
\makeMPintoPDFobject=\count336
\everyMPtoPDFconversion=\toks45
)
*geometry* driver: auto-detecting
*geometry* detected driver: pdftex
*geometry* verbose mode - [ preamble ] result:
* driver: pdftex
* paper: custom
* layout: <same size as paper>
* layoutoffset:(h,v)=(0.0pt,0.0pt)
* bindingoffset: 17.07164pt
* modes: twoside 
* h-part:(L,W,R)=(27.31464pt, 409.71968pt, 40.97198pt)
* v-part:(T,H,B)=(57.0pt, 595.0pt, 50.78307pt)
* \paperwidth=495.07794pt
* \paperheight=702.78307pt
* \textwidth=409.71968pt
* \textheight=595.0pt
* \oddsidemargin=-27.88371pt
* \evensidemargin=-31.298pt
* \topmargin=-41.76999pt
* \headheight=7.0pt
* \headsep=19.5pt
* \topskip=10.0pt
* \footskip=0.0pt
* \marginparwidth=28.45274pt
* \marginparsep=8.53581pt
* \columnsep=10.0pt
* \skip\footins=8.0pt plus 4.0pt
* \hoffset=0.0pt
* \voffset=0.0pt
* \mag=1000
* \@twocolumnfalse
* \@twosidetrue
* \@mparswitchtrue
* \@reversemarginfalse
* (1in=72.27pt=25.4mm, 1cm=28.453pt)

No file ROB-New-Guide.toc.
(C:\Users\amsage\AppData\Local\Programs\MIKTEX NEW\tex/latex/hypcap\hypcap.sty
Package: hypcap 2024-07-26 v1.13 Adjusting the anchors of captions (HO)

(C:\Users\amsage\AppData\Local\Programs\MIKTEX NEW\tex/latex/letltxmacro\letltx
macro.sty
Package: letltxmacro 2019/12/03 v1.6 Let assignment for LaTeX macros (HO)
))
LaTeX Info: Command `\dddot' is already robust on input line 7.
LaTeX Info: Command `\ddddot' is already robust on input line 7.
Package hyperref Info: Link coloring ON on input line 7.
 (ROB-New-Guide.out) (ROB-New-Guide.out)
\@outlinefile=\write3
\openout3 = `ROB-New-Guide.out'.

Package epstopdf Info: Source file: <CrossRef-logo.eps>
(epstopdf)                    date: 2020-05-15 14:57:58
(epstopdf)                    size: 1027430 bytes
(epstopdf)             Output file: <CrossRef-logo-eps-converted-to.pdf>
(epstopdf)                    date: 2024-08-21 16:51:05
(epstopdf)                    size: 25271 bytes
(epstopdf)             Command: <miktex-epstopdf --outfile=CrossRef-logo-eps-co
nverted-to.pdf CrossRef-logo.eps>
(epstopdf)             \includegraphics on input line 35.
Package epstopdf Info: Output file is already uptodate.
<CrossRef-logo-eps-converted-to.pdf, id=92, 60.225pt x 23.08624pt>
File: CrossRef-logo-eps-converted-to.pdf Graphic file (type pdf)
<use CrossRef-logo-eps-converted-to.pdf>
Package pdftex.def Info: CrossRef-logo-eps-converted-to.pdf  used on input line
 35.
(pdftex.def)             Requested size: 60.22484pt x 23.08617pt.

Underfull \hbox (badness 10000) detected at line 35
[][][][][]
 []

LaTeX Font Info:    Calculating math sizes for size <16> on input line 35.

LaTeX Font Warning: Font shape `OT1/cmr/m/n' in size <16> not available
(Font)              size <17.28> substituted on input line 35.

LaTeX Font Info:    Font shape `OML/ntxmi/m/it' will be
(Font)              scaled to size 16.0pt on input line 35.
LaTeX Font Info:    Font shape `OML/ntxmi/m/it' will be
(Font)              scaled to size 11.67993pt on input line 35.
LaTeX Font Info:    Font shape `OML/ntxmi/m/it' will be
(Font)              scaled to size 8.80005pt on input line 35.
LaTeX Font Info:    Font shape `LMS/ntxsy/m/n' will be
(Font)              scaled to size 16.0pt on input line 35.
LaTeX Font Info:    Font shape `LMS/ntxsy/m/n' will be
(Font)              scaled to size 11.67993pt on input line 35.
LaTeX Font Info:    Font shape `LMS/ntxsy/m/n' will be
(Font)              scaled to size 8.80005pt on input line 35.
LaTeX Font Info:    Font shape `LMX/ntxexx/m/n' will be
(Font)              scaled to size 16.0pt on input line 35.
LaTeX Font Info:    Font shape `LMX/ntxexx/m/n' will be
(Font)              scaled to size 11.67993pt on input line 35.
LaTeX Font Info:    Font shape `LMX/ntxexx/m/n' will be
(Font)              scaled to size 8.80005pt on input line 35.
LaTeX Font Info:    Trying to load font information for U+msa on input line 35.

(C:\Users\amsage\AppData\Local\Programs\MIKTEX NEW\tex/latex/amsfonts\umsa.fd
File: umsa.fd 2013/01/14 v3.01 AMS symbols A
)
LaTeX Font Info:    Trying to load font information for U+msb on input line 35.


(C:\Users\amsage\AppData\Local\Programs\MIKTEX NEW\tex/latex/amsfonts\umsb.fd
File: umsb.fd 2013/01/14 v3.01 AMS symbols B
)
LaTeX Font Info:    Trying to load font information for U+ntxmia on input line 
35.

(C:\Users\amsage\AppData\Local\Programs\MIKTEX NEW\tex/latex/newtx\untxmia.fd
File: untxmia.fd 2024/04/09 Fontinst v1.933 font definitions for U/ntxmia.
)
LaTeX Font Info:    Font shape `U/ntxmia/m/it' will be
(Font)              scaled to size 16.0pt on input line 35.
LaTeX Font Info:    Font shape `U/ntxmia/m/it' will be
(Font)              scaled to size 11.67993pt on input line 35.
LaTeX Font Info:    Font shape `U/ntxmia/m/it' will be
(Font)              scaled to size 8.80005pt on input line 35.
LaTeX Font Info:    Trying to load font information for U+ntxsym on input line 
35.

(C:\Users\amsage\AppData\Local\Programs\MIKTEX NEW\tex/latex/newtx\untxsym.fd
File: untxsym.fd 2023/08/16 Fontinst v1.933 font definitions for U/ntxsym.
)
LaTeX Font Info:    Font shape `U/ntxsym/m/n' will be
(Font)              scaled to size 16.0pt on input line 35.
LaTeX Font Info:    Font shape `U/ntxsym/m/n' will be
(Font)              scaled to size 11.67993pt on input line 35.
LaTeX Font Info:    Font shape `U/ntxsym/m/n' will be
(Font)              scaled to size 8.80005pt on input line 35.
LaTeX Font Info:    Trying to load font information for U+ntxsyc on input line 
35.

(C:\Users\amsage\AppData\Local\Programs\MIKTEX NEW\tex/latex/newtx\untxsyc.fd
File: untxsyc.fd 2012/04/12 Fontinst v1.933 font definitions for U/ntxsyc.
)
LaTeX Font Info:    Font shape `U/ntxsyc/m/n' will be
(Font)              scaled to size 16.0pt on input line 35.
LaTeX Font Info:    Font shape `U/ntxsyc/m/n' will be
(Font)              scaled to size 11.67993pt on input line 35.
LaTeX Font Info:    Font shape `U/ntxsyc/m/n' will be
(Font)              scaled to size 8.80005pt on input line 35.
LaTeX Font Info:    Font shape `U/ntxexa/m/n' will be
(Font)              scaled to size 16.0pt on input line 35.
LaTeX Font Info:    Font shape `U/ntxexa/m/n' will be
(Font)              scaled to size 11.67993pt on input line 35.
LaTeX Font Info:    Font shape `U/ntxexa/m/n' will be
(Font)              scaled to size 8.80005pt on input line 35.


LaTeX Font Warning: Font shape `OT1/cmr/m/n' in size <5.5> not available
(Font)              size <5> substituted on input line 35.

LaTeX Font Info:    Font shape `OML/ntxmi/m/it' will be
(Font)              scaled to size 10.0pt on input line 35.
LaTeX Font Info:    Font shape `OML/ntxmi/m/it' will be
(Font)              scaled to size 7.3pt on input line 35.
LaTeX Font Info:    Font shape `OML/ntxmi/m/it' will be
(Font)              scaled to size 5.5pt on input line 35.
LaTeX Font Info:    Font shape `LMS/ntxsy/m/n' will be
(Font)              scaled to size 10.0pt on input line 35.
LaTeX Font Info:    Font shape `LMS/ntxsy/m/n' will be
(Font)              scaled to size 7.3pt on input line 35.
LaTeX Font Info:    Font shape `LMS/ntxsy/m/n' will be
(Font)              scaled to size 5.5pt on input line 35.
LaTeX Font Info:    Font shape `LMX/ntxexx/m/n' will be
(Font)              scaled to size 10.0pt on input line 35.
LaTeX Font Info:    Font shape `LMX/ntxexx/m/n' will be
(Font)              scaled to size 7.3pt on input line 35.
LaTeX Font Info:    Font shape `LMX/ntxexx/m/n' will be
(Font)              scaled to size 5.5pt on input line 35.
LaTeX Font Info:    Font shape `U/ntxmia/m/it' will be
(Font)              scaled to size 10.0pt on input line 35.
LaTeX Font Info:    Font shape `U/ntxmia/m/it' will be
(Font)              scaled to size 7.3pt on input line 35.
LaTeX Font Info:    Font shape `U/ntxmia/m/it' will be
(Font)              scaled to size 5.5pt on input line 35.
LaTeX Font Info:    Font shape `U/ntxsym/m/n' will be
(Font)              scaled to size 10.0pt on input line 35.
LaTeX Font Info:    Font shape `U/ntxsym/m/n' will be
(Font)              scaled to size 7.3pt on input line 35.
LaTeX Font Info:    Font shape `U/ntxsym/m/n' will be
(Font)              scaled to size 5.5pt on input line 35.
LaTeX Font Info:    Font shape `U/ntxsyc/m/n' will be
(Font)              scaled to size 10.0pt on input line 35.
LaTeX Font Info:    Font shape `U/ntxsyc/m/n' will be
(Font)              scaled to size 7.3pt on input line 35.
LaTeX Font Info:    Font shape `U/ntxsyc/m/n' will be
(Font)              scaled to size 5.5pt on input line 35.
LaTeX Font Info:    Font shape `U/ntxexa/m/n' will be
(Font)              scaled to size 10.0pt on input line 35.
LaTeX Font Info:    Font shape `U/ntxexa/m/n' will be
(Font)              scaled to size 7.3pt on input line 35.
LaTeX Font Info:    Font shape `U/ntxexa/m/n' will be
(Font)              scaled to size 5.5pt on input line 35.
LaTeX Font Info:    Font shape `OML/ntxmi/m/it' will be
(Font)              scaled to size 8.0pt on input line 35.
LaTeX Font Info:    Font shape `OML/ntxmi/m/it' will be
(Font)              scaled to size 6.0pt on input line 35.
LaTeX Font Info:    Font shape `LMS/ntxsy/m/n' will be
(Font)              scaled to size 8.0pt on input line 35.
LaTeX Font Info:    Font shape `LMS/ntxsy/m/n' will be
(Font)              scaled to size 6.0pt on input line 35.
LaTeX Font Info:    Font shape `LMX/ntxexx/m/n' will be
(Font)              scaled to size 8.0pt on input line 35.
LaTeX Font Info:    Font shape `LMX/ntxexx/m/n' will be
(Font)              scaled to size 6.0pt on input line 35.
LaTeX Font Info:    Font shape `U/ntxmia/m/it' will be
(Font)              scaled to size 8.0pt on input line 35.
LaTeX Font Info:    Font shape `U/ntxmia/m/it' will be
(Font)              scaled to size 6.0pt on input line 35.
LaTeX Font Info:    Font shape `U/ntxsym/m/n' will be
(Font)              scaled to size 8.0pt on input line 35.
LaTeX Font Info:    Font shape `U/ntxsym/m/n' will be
(Font)              scaled to size 6.0pt on input line 35.
LaTeX Font Info:    Font shape `U/ntxsyc/m/n' will be
(Font)              scaled to size 8.0pt on input line 35.
LaTeX Font Info:    Font shape `U/ntxsyc/m/n' will be
(Font)              scaled to size 6.0pt on input line 35.
LaTeX Font Info:    Font shape `U/ntxexa/m/n' will be
(Font)              scaled to size 8.0pt on input line 35.
LaTeX Font Info:    Font shape `U/ntxexa/m/n' will be
(Font)              scaled to size 6.0pt on input line 35.
LaTeX Font Info:    Font shape `OML/ntxmi/m/it' will be
(Font)              scaled to size 9.0pt on input line 35.
LaTeX Font Info:    Font shape `OML/ntxmi/m/it' will be
(Font)              scaled to size 6.6pt on input line 35.
LaTeX Font Info:    Font shape `LMS/ntxsy/m/n' will be
(Font)              scaled to size 9.0pt on input line 35.
LaTeX Font Info:    Font shape `LMS/ntxsy/m/n' will be
(Font)              scaled to size 6.6pt on input line 35.
LaTeX Font Info:    Font shape `LMX/ntxexx/m/n' will be
(Font)              scaled to size 9.0pt on input line 35.
LaTeX Font Info:    Font shape `LMX/ntxexx/m/n' will be
(Font)              scaled to size 6.6pt on input line 35.
LaTeX Font Info:    Font shape `U/ntxmia/m/it' will be
(Font)              scaled to size 9.0pt on input line 35.
LaTeX Font Info:    Font shape `U/ntxmia/m/it' will be
(Font)              scaled to size 6.6pt on input line 35.
LaTeX Font Info:    Font shape `U/ntxsym/m/n' will be
(Font)              scaled to size 9.0pt on input line 35.
LaTeX Font Info:    Font shape `U/ntxsym/m/n' will be
(Font)              scaled to size 6.6pt on input line 35.
LaTeX Font Info:    Font shape `U/ntxsyc/m/n' will be
(Font)              scaled to size 9.0pt on input line 35.
LaTeX Font Info:    Font shape `U/ntxsyc/m/n' will be
(Font)              scaled to size 6.6pt on input line 35.
LaTeX Font Info:    Font shape `U/ntxexa/m/n' will be
(Font)              scaled to size 9.0pt on input line 35.
LaTeX Font Info:    Font shape `U/ntxexa/m/n' will be
(Font)              scaled to size 6.6pt on input line 35.

Overfull \vbox (4.44177pt too high) has occurred while \output is active []



Package epstopdf Info: Source file: <CUP_Logo.eps>
(epstopdf)                    date: 2020-05-01 18:49:58
(epstopdf)                    size: 870022 bytes
(epstopdf)             Output file: <CUP_Logo-eps-converted-to.pdf>
(epstopdf)                    date: 2024-08-21 16:51:07
(epstopdf)                    size: 21848 bytes
(epstopdf)             Command: <miktex-epstopdf --outfile=CUP_Logo-eps-convert
ed-to.pdf CUP_Logo.eps>
(epstopdf)             \includegraphics on input line 72.
Package epstopdf Info: Output file is already uptodate.
<CUP_Logo-eps-converted-to.pdf, id=95, 108.405pt x 25.09375pt>
File: CUP_Logo-eps-converted-to.pdf Graphic file (type pdf)
<use CUP_Logo-eps-converted-to.pdf>
Package pdftex.def Info: CUP_Logo-eps-converted-to.pdf  used on input line 72.
(pdftex.def)             Requested size: 81.30354pt x 18.82025pt.

Overfull \vbox (13.82025pt too high) has occurred while \output is active []


Underfull \hbox (badness 10000) has occurred while \output is active
[]
 []


Overfull \vbox (4.56999pt too high) has occurred while \output is active []


Underfull \hbox (badness 10000) has occurred while \output is active
[][]
 []

LaTeX Font Info:    Trying to load font information for TS1+qtm on input line 7
2.

(C:\Users\amsage\AppData\Local\Programs\MIKTEX NEW\tex/latex/tex-gyre\ts1qtm.fd
File: ts1qtm.fd 2009/09/25 v1.2 font definition file for TS1/qtm
)
Underfull \vbox (badness 10000) has occurred while \output is active []

 [1{C:/Users/amsage/AppData/Local/MiKTeX/fonts/map/pdftex/pdftex.map}{C:/Users/
amsage/AppData/Local/Programs/MIKTEX NEW/fonts/enc/dvips/tex-gyre/q-ec.enc}

{C:/Users/amsage/AppData/Local/Programs/MIKTEX NEW/fonts/enc/dvips/tex-gyre/q-t
s1.enc} <./CUP_Logo-eps-converted-to.pdf> <./CrossRef-logo-eps-converted-to.pdf
>]

[2]

LaTeX Warning: `!h' float specifier changed to `!ht'.


Underfull \vbox (badness 10000) has occurred while \output is active []



[3]
Underfull \vbox (badness 10000) detected at line 261
 []



[4]

LaTeX Font Warning: Font shape `T1/cmtt/m/it' in size <9.5> not available
(Font)              size <9> substituted on input line 321.



[5]
Underfull \hbox (badness 10000) in paragraph at lines 354--355
[][][]\T1/cmtt/m/n/10 natbib.sty []\T1/qtm/m/n/10 is com-mon pack-age to han-dl
e var-i-ous ref-er-ence and its cross cita-
 []


Underfull \hbox (badness 3815) in paragraph at lines 354--355
\T1/qtm/m/n/10 tions. The nat-bib descrip-tions are avail-able in the doc-u-men
t can be find in the web link
 []



[6]
Underfull \hbox (badness 1968) in paragraph at lines 423--424
[]\T1/qtm/m/n/10 P. Car-de-nas and E. A. de Bar-ros, ``Esti-ma-tion of AUV hydr
o-dy-namic coef-fi-cients using
 []


Underfull \hbox (badness 6825) in paragraph at lines 423--424
\T1/qtm/m/n/10 ana-lyt-i-cal and sys-tem iden-ti-fi-ca-tion approaches,'' \T1/q
tm/m/it/10 IEEE J. Ocean. Eng.\T1/qtm/m/n/10 , 1--20 (2019).
 []



[7] (ROB-New-Guide.aux

Package natbib Warning: Citation `Antonelli-SpingerBook2013' multiply defined.


Package natbib Warning: Citation `Fossen2011handbook' multiply defined.


Package natbib Warning: Citation `deBarros_JOE2019' multiply defined.


Package natbib Warning: Citation `JOE.2000' multiply defined.


Package natbib Warning: Citation `peng2018path' multiply defined.

)

LaTeX Font Warning: Size substitutions with differences
(Font)              up to 1.28pt have occurred.


LaTeX Warning: Label(s) may have changed. Rerun to get cross-references right.

 ) 
Here is how much of TeX's memory you used:
 15574 strings out of 473522
 232190 string characters out of 5712167
 635741 words of memory out of 5000000
 38454 multiletter control sequences out of 15000+600000
 660715 words of font info for 165 fonts, out of 8000000 for 9000
 1151 hyphenation exceptions out of 8191
 78i,16n,81p,570b,515s stack positions out of 10000i,1000n,20000p,200000b,200000s

pdfTeX warning (dest): name{equation.0.4.1b} has been referenced but does not e
xist, replaced by a fixed one


pdfTeX warning (dest): name{equation.0.4.1a} has been referenced but does not e
xist, replaced by a fixed one


pdfTeX warning (dest): name{figure.0.1} has been referenced but does not exist,
 replaced by a fixed one


pdfTeX warning (dest): name{table.0.1} has been referenced but does not exist, 
replaced by a fixed one


pdfTeX warning (dest): name{subsection.0.4.3} has been referenced but does not 
exist, replaced by a fixed one


pdfTeX warning (dest): name{subsubsection.0.4.2.2} has been referenced but does
 not exist, replaced by a fixed one


pdfTeX warning (dest): name{subsubsection.0.4.2.1} has been referenced but does
 not exist, replaced by a fixed one


pdfTeX warning (dest): name{subsection.0.4.2} has been referenced but does not 
exist, replaced by a fixed one


pdfTeX warning (dest): name{subsubsection.0.4.1.1} has been referenced but does
 not exist, replaced by a fixed one


pdfTeX warning (dest): name{subsection.0.4.1} has been referenced but does not 
exist, replaced by a fixed one


pdfTeX warning (dest): name{section.0.4} has been referenced but does not exist
, replaced by a fixed one


pdfTeX warning (dest): name{subsection.0.3.5} has been referenced but does not 
exist, replaced by a fixed one


pdfTeX warning (dest): name{subsection.0.3.4} has been referenced but does not 
exist, replaced by a fixed one


pdfTeX warning (dest): name{subsection.0.3.3} has been referenced but does not 
exist, replaced by a fixed one


pdfTeX warning (dest): name{subsection.0.3.2} has been referenced but does not 
exist, replaced by a fixed one


pdfTeX warning (dest): name{subsection.0.3.1} has been referenced but does not 
exist, replaced by a fixed one


pdfTeX warning (dest): name{section.0.3} has been referenced but does not exist
, replaced by a fixed one


pdfTeX warning (dest): name{subsection.0.2.4} has been referenced but does not 
exist, replaced by a fixed one


pdfTeX warning (dest): name{subsection.0.2.3} has been referenced but does not 
exist, replaced by a fixed one


pdfTeX warning (dest): name{subsection.0.2.2} has been referenced but does not 
exist, replaced by a fixed one


pdfTeX warning (dest): name{subsection.0.2.1} has been referenced but does not 
exist, replaced by a fixed one


pdfTeX warning (dest): name{section.0.2} has been referenced but does not exist
, replaced by a fixed one


pdfTeX warning (dest): name{subsection.0.1.2} has been referenced but does not 
exist, replaced by a fixed one


pdfTeX warning (dest): name{subsection.0.1.1} has been referenced but does not 
exist, replaced by a fixed one


pdfTeX warning (dest): name{section.0.1} has been referenced but does not exist
, replaced by a fixed one

 <C:\Users\amsage\AppData\Local\MiKTeX\fonts/pk/ljfour/jknappen/ec/dpi600\ecit0
900.pk> <C:\Users\amsage\AppData\Local\MiKTeX\fonts/pk/ljfour/jknappen/ec/dpi52
5\ectt0800.pk> <C:\Users\amsage\AppData\Local\MiKTeX\fonts/pk/ljfour/jknappen/e
c/dpi600\ectt1000.pk><C:/Users/amsage/AppData/Local/Programs/MIKTEX NEW/fonts/t
ype1/public/newtx/NewTXMI.pfb><C:/Users/amsage/AppData/Local/Programs/MIKTEX NE
W/fonts/type1/public/newtx/NewTXMI7.pfb><C:/Users/amsage/AppData/Local/Programs
/MIKTEX NEW/fonts/type1/public/amsfonts/cm/cmr10.pfb><C:/Users/amsage/AppData/L
ocal/Programs/MIKTEX NEW/fonts/type1/public/amsfonts/cm/cmr7.pfb><C:/Users/amsa
ge/AppData/Local/Programs/MIKTEX NEW/fonts/type1/public/tex-gyre/qtmb.pfb><C:/U
sers/amsage/AppData/Local/Programs/MIKTEX NEW/fonts/type1/public/tex-gyre/qtmbi
.pfb><C:/Users/amsage/AppData/Local/Programs/MIKTEX NEW/fonts/type1/public/tex-
gyre/qtmr.pfb><C:/Users/amsage/AppData/Local/Programs/MIKTEX NEW/fonts/type1/pu
blic/tex-gyre/qtmri.pfb><C:/Users/amsage/AppData/Local/Programs/MIKTEX NEW/font
s/type1/public/newtx/txmiaX.pfb><C:/Users/amsage/AppData/Local/Programs/MIKTEX 
NEW/fonts/type1/public/newtx/txsys.pfb>
Output written on ROB-New-Guide.pdf (7 pages, 295217 bytes).
PDF statistics:
 427 PDF objects out of 1000 (max. 8388607)
 76 named destinations out of 1000 (max. 500000)
 187 words of extra memory for PDF output out of 10000 (max. 10000000)

